c:\users\jaret\source\repos\pebmeister\pasm64\pasm64.tab.cpp
c:\users\jaret\source\repos\pebmeister\pasm64\pasm64.flex.cpp
c:\users\jaret\source\repos\pebmeister\pasm64\windows\pasms64\debug\win32\vc142.pdb
c:\users\jaret\source\repos\pebmeister\pasm64\windows\pasms64\debug\win32\vc142.idb
c:\users\jaret\source\repos\pebmeister\pasm64\windows\pasms64\debug\win32\symbol.obj
c:\users\jaret\source\repos\pebmeister\pasm64\windows\pasms64\debug\win32\str.obj
c:\users\jaret\source\repos\pebmeister\pasm64\windows\pasms64\debug\win32\pasm64.tab.obj
c:\users\jaret\source\repos\pebmeister\pasm64\windows\pasms64\debug\win32\pasm64.flex.obj
c:\users\jaret\source\repos\pebmeister\pasm64\windows\pasms64\debug\win32\pasm64.obj
c:\users\jaret\source\repos\pebmeister\pasm64\windows\pasms64\debug\win32\opcodes.obj
c:\users\jaret\source\repos\pebmeister\pasm64\windows\pasms64\debug\win32\node.obj
c:\users\jaret\source\repos\pebmeister\pasm64\windows\pasms64\debug\win32\mem.obj
c:\users\jaret\source\repos\pebmeister\pasm64\windows\pasms64\debug\win32\main.obj
c:\users\jaret\source\repos\pebmeister\pasm64\windows\pasms64\debug\win32\genoutput.obj
c:\users\jaret\source\repos\pebmeister\pasm64\windows\pasms64\debug\win32\genlist.obj
c:\users\jaret\source\repos\pebmeister\pasm64\windows\pasms64\debug\win32\file.obj
c:\users\jaret\source\repos\pebmeister\pasm64\windows\pasms64\debug\win32\error.obj
c:\users\jaret\source\repos\pebmeister\pasm64\windows\pasms64\debug\win32\dictionary.obj
c:\users\jaret\source\repos\pebmeister\pasm64\windows\pasms64\debug\pasm64.exe
c:\users\jaret\source\repos\pebmeister\pasm64\windows\pasms64\debug\pasm64.ilk
c:\users\jaret\source\repos\pebmeister\pasm64\windows\pasms64\debug\pasm64.pdb
c:\users\jaret\source\repos\pebmeister\pasm64\windows\pasms64\debug\win32\pasm64.write.1.tlog
c:\users\jaret\source\repos\pebmeister\pasm64\windows\pasms64\debug\win32\pasm64.tlog\cl.command.1.tlog
c:\users\jaret\source\repos\pebmeister\pasm64\windows\pasms64\debug\win32\pasm64.tlog\cl.read.1.tlog
c:\users\jaret\source\repos\pebmeister\pasm64\windows\pasms64\debug\win32\pasm64.tlog\cl.write.1.tlog
c:\users\jaret\source\repos\pebmeister\pasm64\windows\pasms64\debug\win32\pasm64.tlog\link.command.1.tlog
c:\users\jaret\source\repos\pebmeister\pasm64\windows\pasms64\debug\win32\pasm64.tlog\link.read.1.tlog
c:\users\jaret\source\repos\pebmeister\pasm64\windows\pasms64\debug\win32\pasm64.tlog\link.write.1.tlog
