c:\users\jaret\source\repos\pebmeister\pasm64\pasm64.tab.cpp
c:\users\jaret\source\repos\pebmeister\pasm64\pasm64.flex.cpp
c:\users\jaret\source\repos\pebmeister\pasm64\windows\pasms64\debug\vc142.pdb
c:\users\jaret\source\repos\pebmeister\pasm64\windows\pasms64\debug\vc142.idb
c:\users\jaret\source\repos\pebmeister\pasm64\windows\pasms64\debug\symbol.obj
c:\users\jaret\source\repos\pebmeister\pasm64\windows\pasms64\debug\str.obj
c:\users\jaret\source\repos\pebmeister\pasm64\windows\pasms64\debug\pasm64.tab.obj
c:\users\jaret\source\repos\pebmeister\pasm64\windows\pasms64\debug\pasm64.flex.obj
c:\users\jaret\source\repos\pebmeister\pasm64\windows\pasms64\debug\pasm64.obj
c:\users\jaret\source\repos\pebmeister\pasm64\windows\pasms64\debug\opcodes.obj
c:\users\jaret\source\repos\pebmeister\pasm64\windows\pasms64\debug\node.obj
c:\users\jaret\source\repos\pebmeister\pasm64\windows\pasms64\debug\main.obj
c:\users\jaret\source\repos\pebmeister\pasm64\windows\pasms64\debug\genoutput.obj
c:\users\jaret\source\repos\pebmeister\pasm64\windows\pasms64\debug\genlist.obj
c:\users\jaret\source\repos\pebmeister\pasm64\windows\pasms64\debug\error.obj
c:\users\jaret\source\repos\pebmeister\pasm64\windows\pasms64\debug\dictionary.obj
c:\users\jaret\source\repos\pebmeister\pasm64\windows\pasms64\debug\pasm64.ilk
c:\users\jaret\source\repos\pebmeister\pasm64\windows\pasms64\debug\pasm64.exe
c:\users\jaret\source\repos\pebmeister\pasm64\windows\pasms64\debug\pasm64.pdb
c:\users\jaret\source\repos\pebmeister\pasm64\windows\pasms64\debug\pasm64.write.1.tlog
c:\users\jaret\source\repos\pebmeister\pasm64\windows\pasms64\debug\pasm64.tlog\cl.command.1.tlog
c:\users\jaret\source\repos\pebmeister\pasm64\windows\pasms64\debug\pasm64.tlog\cl.read.1.tlog
c:\users\jaret\source\repos\pebmeister\pasm64\windows\pasms64\debug\pasm64.tlog\cl.write.1.tlog
c:\users\jaret\source\repos\pebmeister\pasm64\windows\pasms64\debug\pasm64.tlog\link.command.1.tlog
c:\users\jaret\source\repos\pebmeister\pasm64\windows\pasms64\debug\pasm64.tlog\link.read.1.tlog
c:\users\jaret\source\repos\pebmeister\pasm64\windows\pasms64\debug\pasm64.tlog\link.write.1.tlog
