c:\users\jaret\source\repos\pebmeister\pasm64\windows\installercustomactions\debug\installercustomactions.pch
c:\users\jaret\source\repos\pebmeister\pasm64\windows\installercustomactions\debug\vc142.pdb
c:\users\jaret\source\repos\pebmeister\pasm64\windows\installercustomactions\debug\vc142.idb
c:\users\jaret\source\repos\pebmeister\pasm64\windows\installercustomactions\debug\pch.obj
c:\users\jaret\source\repos\pebmeister\pasm64\windows\installercustomactions\debug\traceout.obj
c:\users\jaret\source\repos\pebmeister\pasm64\windows\installercustomactions\debug\registry.obj
c:\users\jaret\source\repos\pebmeister\pasm64\windows\installercustomactions\debug\installercustomactions.obj
c:\users\jaret\source\repos\pebmeister\pasm64\windows\installercustomactions\debug\dllmain.obj
c:\users\jaret\source\repos\pebmeister\pasm64\windows\pasms64\debug\installercustomactions.lib
c:\users\jaret\source\repos\pebmeister\pasm64\windows\pasms64\debug\installercustomactions.exp
c:\users\jaret\source\repos\pebmeister\pasm64\windows\pasms64\debug\installercustomactions.ilk
c:\users\jaret\source\repos\pebmeister\pasm64\windows\pasms64\debug\installercustomactions.dll
c:\users\jaret\source\repos\pebmeister\pasm64\windows\pasms64\debug\installercustomactions.pdb
c:\users\jaret\source\repos\pebmeister\pasm64\windows\installercustomactions\debug\installe.7ca9fc59.tlog\cl.command.1.tlog
c:\users\jaret\source\repos\pebmeister\pasm64\windows\installercustomactions\debug\installe.7ca9fc59.tlog\cl.read.1.tlog
c:\users\jaret\source\repos\pebmeister\pasm64\windows\installercustomactions\debug\installe.7ca9fc59.tlog\cl.write.1.tlog
c:\users\jaret\source\repos\pebmeister\pasm64\windows\installercustomactions\debug\installe.7ca9fc59.tlog\installercustomactions.write.1u.tlog
c:\users\jaret\source\repos\pebmeister\pasm64\windows\installercustomactions\debug\installe.7ca9fc59.tlog\link.command.1.tlog
c:\users\jaret\source\repos\pebmeister\pasm64\windows\installercustomactions\debug\installe.7ca9fc59.tlog\link.read.1.tlog
c:\users\jaret\source\repos\pebmeister\pasm64\windows\installercustomactions\debug\installe.7ca9fc59.tlog\link.write.1.tlog
