c:\users\jaret\source\repos\pebmeister\pasm64\pasm64.tab.cpp
c:\users\jaret\source\repos\pebmeister\pasm64\pasm64.flex.cpp
c:\users\jaret\source\repos\pebmeister\pasm64\windows\pasms64\release\x64\vc142.pdb
c:\users\jaret\source\repos\pebmeister\pasm64\windows\pasms64\release\x64\symbol.obj
c:\users\jaret\source\repos\pebmeister\pasm64\windows\pasms64\release\x64\str.obj
c:\users\jaret\source\repos\pebmeister\pasm64\windows\pasms64\release\x64\pasm64.tab.obj
c:\users\jaret\source\repos\pebmeister\pasm64\windows\pasms64\release\x64\pasm64.flex.obj
c:\users\jaret\source\repos\pebmeister\pasm64\windows\pasms64\release\x64\pasm64.obj
c:\users\jaret\source\repos\pebmeister\pasm64\windows\pasms64\release\x64\opcodes.obj
c:\users\jaret\source\repos\pebmeister\pasm64\windows\pasms64\release\x64\node.obj
c:\users\jaret\source\repos\pebmeister\pasm64\windows\pasms64\release\x64\mem.obj
c:\users\jaret\source\repos\pebmeister\pasm64\windows\pasms64\release\x64\main.obj
c:\users\jaret\source\repos\pebmeister\pasm64\windows\pasms64\release\x64\genoutput.obj
c:\users\jaret\source\repos\pebmeister\pasm64\windows\pasms64\release\x64\genlist.obj
c:\users\jaret\source\repos\pebmeister\pasm64\windows\pasms64\release\x64\file.obj
c:\users\jaret\source\repos\pebmeister\pasm64\windows\pasms64\release\x64\error.obj
c:\users\jaret\source\repos\pebmeister\pasm64\windows\pasms64\release\x64\dictionary.obj
c:\users\jaret\source\repos\pebmeister\pasm64\windows\pasms64\x64\release\pasm64.exe
c:\users\jaret\source\repos\pebmeister\pasm64\windows\pasms64\release\x64\pasm64.ipdb
c:\users\jaret\source\repos\pebmeister\pasm64\windows\pasms64\release\x64\pasm64.iobj
c:\users\jaret\source\repos\pebmeister\pasm64\windows\pasms64\x64\release\pasm64.pdb
c:\users\jaret\source\repos\pebmeister\pasm64\windows\pasms64\release\x64\pasm64.write.1.tlog
c:\users\jaret\source\repos\pebmeister\pasm64\windows\pasms64\release\x64\pasm64.tlog\cl.command.1.tlog
c:\users\jaret\source\repos\pebmeister\pasm64\windows\pasms64\release\x64\pasm64.tlog\cl.read.1.tlog
c:\users\jaret\source\repos\pebmeister\pasm64\windows\pasms64\release\x64\pasm64.tlog\cl.write.1.tlog
c:\users\jaret\source\repos\pebmeister\pasm64\windows\pasms64\release\x64\pasm64.tlog\link.command.1.tlog
c:\users\jaret\source\repos\pebmeister\pasm64\windows\pasms64\release\x64\pasm64.tlog\link.read.1.tlog
c:\users\jaret\source\repos\pebmeister\pasm64\windows\pasms64\release\x64\pasm64.tlog\link.write.1.tlog
