  Process "pasm64.y" bison file
  Process "pasm64.l" flex file
  dictionary.c
  error.c
  file.c
  genlist.c
  genoutput.c
  main.c
  mem.c
  node.c
  opcodes.c
  pasm64.c
  pasm64.flex.c
  pasm64.tab.c
  str.c
  symbol.c
  Generating code
  Previous IPDB not found, fall back to full compilation.
  All 156 functions were compiled because no usable IPDB/IOBJ from previous compilation was found.
  Finished generating code
  pasms64.vcxproj -> C:\Users\jaret\source\repos\pebmeister\Pasm64\windows\pasms64\x64\Release\pasm64.exe
