c:\users\jaret\source\repos\pebmeister\pasm64\windows\installercustomactions\release\installercustomactions.pch
c:\users\jaret\source\repos\pebmeister\pasm64\windows\installercustomactions\release\vc142.pdb
c:\users\jaret\source\repos\pebmeister\pasm64\windows\installercustomactions\release\pch.obj
c:\users\jaret\source\repos\pebmeister\pasm64\windows\installercustomactions\release\traceout.obj
c:\users\jaret\source\repos\pebmeister\pasm64\windows\installercustomactions\release\registry.obj
c:\users\jaret\source\repos\pebmeister\pasm64\windows\installercustomactions\release\installercustomactions.obj
c:\users\jaret\source\repos\pebmeister\pasm64\windows\installercustomactions\release\dllmain.obj
c:\users\jaret\source\repos\pebmeister\pasm64\windows\pasms64\release\installercustomactions.lib
c:\users\jaret\source\repos\pebmeister\pasm64\windows\pasms64\release\installercustomactions.exp
c:\users\jaret\source\repos\pebmeister\pasm64\windows\pasms64\release\installercustomactions.dll
c:\users\jaret\source\repos\pebmeister\pasm64\windows\installercustomactions\release\installercustomactions.ipdb
c:\users\jaret\source\repos\pebmeister\pasm64\windows\installercustomactions\release\installercustomactions.iobj
c:\users\jaret\source\repos\pebmeister\pasm64\windows\pasms64\release\installercustomactions.pdb
c:\users\jaret\source\repos\pebmeister\pasm64\windows\installercustomactions\release\installe.7ca9fc59.tlog\cl.command.1.tlog
c:\users\jaret\source\repos\pebmeister\pasm64\windows\installercustomactions\release\installe.7ca9fc59.tlog\cl.read.1.tlog
c:\users\jaret\source\repos\pebmeister\pasm64\windows\installercustomactions\release\installe.7ca9fc59.tlog\cl.write.1.tlog
c:\users\jaret\source\repos\pebmeister\pasm64\windows\installercustomactions\release\installe.7ca9fc59.tlog\installercustomactions.write.1u.tlog
c:\users\jaret\source\repos\pebmeister\pasm64\windows\installercustomactions\release\installe.7ca9fc59.tlog\link.command.1.tlog
c:\users\jaret\source\repos\pebmeister\pasm64\windows\installercustomactions\release\installe.7ca9fc59.tlog\link.read.1.tlog
c:\users\jaret\source\repos\pebmeister\pasm64\windows\installercustomactions\release\installe.7ca9fc59.tlog\link.write.1.tlog
